mode: set
github.com/LigeronAhill/runners/config/config.go:9.47,15.16 6 0
github.com/LigeronAhill/runners/config/config.go:15.16,17.3 1 0
github.com/LigeronAhill/runners/config/config.go:18.2,18.15 1 0
github.com/LigeronAhill/runners/main.go:11.13,20.2 8 0
github.com/LigeronAhill/runners/server/dbServer.go:10.48,16.28 6 0
github.com/LigeronAhill/runners/server/dbServer.go:16.28,18.3 1 0
github.com/LigeronAhill/runners/server/dbServer.go:19.2,20.16 2 0
github.com/LigeronAhill/runners/server/dbServer.go:20.16,22.3 1 0
github.com/LigeronAhill/runners/server/dbServer.go:23.2,27.16 5 0
github.com/LigeronAhill/runners/server/dbServer.go:27.16,30.3 2 0
github.com/LigeronAhill/runners/server/dbServer.go:31.2,31.18 1 0
github.com/LigeronAhill/runners/server/httpServer.go:21.72,42.2 15 0
github.com/LigeronAhill/runners/server/httpServer.go:44.30,46.16 2 0
github.com/LigeronAhill/runners/server/httpServer.go:46.16,48.3 1 0
github.com/LigeronAhill/runners/repositories/resultsRepository.go:15.65,19.2 1 0
github.com/LigeronAhill/runners/repositories/resultsRepository.go:21.105,27.16 3 0
github.com/LigeronAhill/runners/repositories/resultsRepository.go:27.16,32.3 1 0
github.com/LigeronAhill/runners/repositories/resultsRepository.go:33.2,35.18 3 0
github.com/LigeronAhill/runners/repositories/resultsRepository.go:35.18,37.17 2 0
github.com/LigeronAhill/runners/repositories/resultsRepository.go:37.17,42.4 1 0
github.com/LigeronAhill/runners/repositories/resultsRepository.go:44.2,44.23 1 0
github.com/LigeronAhill/runners/repositories/resultsRepository.go:44.23,49.3 1 0
github.com/LigeronAhill/runners/repositories/resultsRepository.go:50.2,57.8 1 0
github.com/LigeronAhill/runners/repositories/resultsRepository.go:60.99,66.16 3 0
github.com/LigeronAhill/runners/repositories/resultsRepository.go:66.16,71.3 1 0
github.com/LigeronAhill/runners/repositories/resultsRepository.go:72.2,75.18 4 0
github.com/LigeronAhill/runners/repositories/resultsRepository.go:75.18,77.17 2 0
github.com/LigeronAhill/runners/repositories/resultsRepository.go:77.17,82.4 1 0
github.com/LigeronAhill/runners/repositories/resultsRepository.go:84.2,84.23 1 0
github.com/LigeronAhill/runners/repositories/resultsRepository.go:84.23,89.3 1 0
github.com/LigeronAhill/runners/repositories/resultsRepository.go:90.2,95.8 1 0
github.com/LigeronAhill/runners/repositories/resultsRepository.go:101.3,107.16 3 0
github.com/LigeronAhill/runners/repositories/resultsRepository.go:107.16,112.3 1 0
github.com/LigeronAhill/runners/repositories/resultsRepository.go:113.2,117.18 5 0
github.com/LigeronAhill/runners/repositories/resultsRepository.go:117.18,120.17 2 0
github.com/LigeronAhill/runners/repositories/resultsRepository.go:120.17,125.4 1 0
github.com/LigeronAhill/runners/repositories/resultsRepository.go:126.3,134.36 2 0
github.com/LigeronAhill/runners/repositories/resultsRepository.go:136.2,136.23 1 0
github.com/LigeronAhill/runners/repositories/resultsRepository.go:136.23,141.3 1 0
github.com/LigeronAhill/runners/repositories/resultsRepository.go:142.2,142.21 1 0
github.com/LigeronAhill/runners/repositories/resultsRepository.go:147.35,153.16 3 0
github.com/LigeronAhill/runners/repositories/resultsRepository.go:153.16,158.3 1 0
github.com/LigeronAhill/runners/repositories/resultsRepository.go:159.2,161.18 3 0
github.com/LigeronAhill/runners/repositories/resultsRepository.go:161.18,163.17 2 0
github.com/LigeronAhill/runners/repositories/resultsRepository.go:163.17,168.4 1 0
github.com/LigeronAhill/runners/repositories/resultsRepository.go:170.2,170.23 1 0
github.com/LigeronAhill/runners/repositories/resultsRepository.go:170.23,175.3 1 0
github.com/LigeronAhill/runners/repositories/resultsRepository.go:176.2,176.24 1 0
github.com/LigeronAhill/runners/repositories/resultsRepository.go:182.3,188.16 3 0
github.com/LigeronAhill/runners/repositories/resultsRepository.go:188.16,193.3 1 0
github.com/LigeronAhill/runners/repositories/resultsRepository.go:194.2,196.18 3 0
github.com/LigeronAhill/runners/repositories/resultsRepository.go:196.18,198.17 2 0
github.com/LigeronAhill/runners/repositories/resultsRepository.go:198.17,203.4 1 0
github.com/LigeronAhill/runners/repositories/resultsRepository.go:205.2,205.23 1 0
github.com/LigeronAhill/runners/repositories/resultsRepository.go:205.23,210.3 1 0
github.com/LigeronAhill/runners/repositories/resultsRepository.go:211.2,211.24 1 0
github.com/LigeronAhill/runners/repositories/runnersRepository.go:15.65,17.2 1 0
github.com/LigeronAhill/runners/repositories/runnersRepository.go:19.105,26.16 3 0
github.com/LigeronAhill/runners/repositories/runnersRepository.go:26.16,31.3 1 0
github.com/LigeronAhill/runners/repositories/runnersRepository.go:32.2,34.18 3 0
github.com/LigeronAhill/runners/repositories/runnersRepository.go:34.18,36.17 2 0
github.com/LigeronAhill/runners/repositories/runnersRepository.go:36.17,41.4 1 0
github.com/LigeronAhill/runners/repositories/runnersRepository.go:43.2,43.23 1 0
github.com/LigeronAhill/runners/repositories/runnersRepository.go:43.23,48.3 1 0
github.com/LigeronAhill/runners/repositories/runnersRepository.go:49.2,56.8 1 0
github.com/LigeronAhill/runners/repositories/runnersRepository.go:59.87,70.16 3 0
github.com/LigeronAhill/runners/repositories/runnersRepository.go:70.16,75.3 1 0
github.com/LigeronAhill/runners/repositories/runnersRepository.go:76.2,77.16 2 0
github.com/LigeronAhill/runners/repositories/runnersRepository.go:77.16,82.3 1 0
github.com/LigeronAhill/runners/repositories/runnersRepository.go:83.2,83.23 1 0
github.com/LigeronAhill/runners/repositories/runnersRepository.go:83.23,88.3 1 0
github.com/LigeronAhill/runners/repositories/runnersRepository.go:89.2,89.12 1 0
github.com/LigeronAhill/runners/repositories/runnersRepository.go:92.94,101.16 3 0
github.com/LigeronAhill/runners/repositories/runnersRepository.go:101.16,106.3 1 0
github.com/LigeronAhill/runners/repositories/runnersRepository.go:107.2,107.12 1 0
github.com/LigeronAhill/runners/repositories/runnersRepository.go:110.81,117.16 3 0
github.com/LigeronAhill/runners/repositories/runnersRepository.go:117.16,122.3 1 0
github.com/LigeronAhill/runners/repositories/runnersRepository.go:123.2,124.16 2 0
github.com/LigeronAhill/runners/repositories/runnersRepository.go:124.16,129.3 1 0
github.com/LigeronAhill/runners/repositories/runnersRepository.go:130.2,130.23 1 0
github.com/LigeronAhill/runners/repositories/runnersRepository.go:130.23,135.3 1 0
github.com/LigeronAhill/runners/repositories/runnersRepository.go:136.2,136.12 1 0
github.com/LigeronAhill/runners/repositories/runnersRepository.go:139.96,146.16 3 0
github.com/LigeronAhill/runners/repositories/runnersRepository.go:146.16,151.3 1 0
github.com/LigeronAhill/runners/repositories/runnersRepository.go:152.2,159.18 3 0
github.com/LigeronAhill/runners/repositories/runnersRepository.go:159.18,161.17 2 0
github.com/LigeronAhill/runners/repositories/runnersRepository.go:161.17,166.4 1 0
github.com/LigeronAhill/runners/repositories/runnersRepository.go:168.2,168.23 1 0
github.com/LigeronAhill/runners/repositories/runnersRepository.go:168.23,173.3 1 0
github.com/LigeronAhill/runners/repositories/runnersRepository.go:174.2,183.8 1 0
github.com/LigeronAhill/runners/repositories/runnersRepository.go:186.87,192.16 3 0
github.com/LigeronAhill/runners/repositories/runnersRepository.go:192.16,197.3 1 0
github.com/LigeronAhill/runners/repositories/runnersRepository.go:198.2,206.18 4 0
github.com/LigeronAhill/runners/repositories/runnersRepository.go:206.18,208.17 2 0
github.com/LigeronAhill/runners/repositories/runnersRepository.go:208.17,213.4 1 0
github.com/LigeronAhill/runners/repositories/runnersRepository.go:214.3,224.36 2 0
github.com/LigeronAhill/runners/repositories/runnersRepository.go:226.2,226.23 1 0
github.com/LigeronAhill/runners/repositories/runnersRepository.go:226.23,231.3 1 0
github.com/LigeronAhill/runners/repositories/runnersRepository.go:232.2,232.21 1 0
github.com/LigeronAhill/runners/repositories/runnersRepository.go:235.107,244.16 3 0
github.com/LigeronAhill/runners/repositories/runnersRepository.go:244.16,249.3 1 0
github.com/LigeronAhill/runners/repositories/runnersRepository.go:250.2,257.18 4 0
github.com/LigeronAhill/runners/repositories/runnersRepository.go:257.18,259.17 2 0
github.com/LigeronAhill/runners/repositories/runnersRepository.go:259.17,264.4 1 0
github.com/LigeronAhill/runners/repositories/runnersRepository.go:265.3,275.36 2 0
github.com/LigeronAhill/runners/repositories/runnersRepository.go:277.2,277.23 1 0
github.com/LigeronAhill/runners/repositories/runnersRepository.go:277.23,282.3 1 0
github.com/LigeronAhill/runners/repositories/runnersRepository.go:283.2,283.21 1 0
github.com/LigeronAhill/runners/repositories/runnersRepository.go:286.98,302.16 3 0
github.com/LigeronAhill/runners/repositories/runnersRepository.go:302.16,307.3 1 0
github.com/LigeronAhill/runners/repositories/runnersRepository.go:308.2,316.18 4 0
github.com/LigeronAhill/runners/repositories/runnersRepository.go:316.18,318.17 2 0
github.com/LigeronAhill/runners/repositories/runnersRepository.go:318.17,323.4 1 0
github.com/LigeronAhill/runners/repositories/runnersRepository.go:324.3,334.36 2 0
github.com/LigeronAhill/runners/repositories/runnersRepository.go:336.2,336.23 1 0
github.com/LigeronAhill/runners/repositories/runnersRepository.go:336.23,341.3 1 0
github.com/LigeronAhill/runners/repositories/runnersRepository.go:342.2,342.21 1 0
github.com/LigeronAhill/runners/repositories/transactionHandler.go:8.105,11.16 3 0
github.com/LigeronAhill/runners/repositories/transactionHandler.go:11.16,13.3 1 0
github.com/LigeronAhill/runners/repositories/transactionHandler.go:14.2,16.12 3 0
github.com/LigeronAhill/runners/repositories/transactionHandler.go:19.108,24.2 4 0
github.com/LigeronAhill/runners/repositories/transactionHandler.go:26.106,31.2 4 0
github.com/LigeronAhill/runners/main.go:11.13,20.2 8 0
github.com/LigeronAhill/runners/config/config.go:9.47,15.16 6 0
github.com/LigeronAhill/runners/config/config.go:15.16,17.3 1 0
github.com/LigeronAhill/runners/config/config.go:18.2,18.15 1 0
github.com/LigeronAhill/runners/controllers/resultsController.go:18.87,20.2 1 0
github.com/LigeronAhill/runners/controllers/resultsController.go:22.60,24.16 2 0
github.com/LigeronAhill/runners/controllers/resultsController.go:24.16,28.3 3 0
github.com/LigeronAhill/runners/controllers/resultsController.go:29.2,31.16 3 0
github.com/LigeronAhill/runners/controllers/resultsController.go:31.16,35.3 3 0
github.com/LigeronAhill/runners/controllers/resultsController.go:36.2,37.24 2 0
github.com/LigeronAhill/runners/controllers/resultsController.go:37.24,40.3 2 0
github.com/LigeronAhill/runners/controllers/resultsController.go:41.2,41.35 1 0
github.com/LigeronAhill/runners/controllers/resultsController.go:44.60,47.24 3 0
github.com/LigeronAhill/runners/controllers/resultsController.go:47.24,50.3 2 0
github.com/LigeronAhill/runners/controllers/resultsController.go:51.2,51.34 1 0
github.com/LigeronAhill/runners/controllers/runnersController.go:18.87,22.2 1 0
github.com/LigeronAhill/runners/controllers/runnersController.go:24.60,26.16 2 0
github.com/LigeronAhill/runners/controllers/runnersController.go:26.16,30.3 3 0
github.com/LigeronAhill/runners/controllers/runnersController.go:31.2,33.16 3 0
github.com/LigeronAhill/runners/controllers/runnersController.go:33.16,37.3 3 0
github.com/LigeronAhill/runners/controllers/runnersController.go:38.2,39.24 2 0
github.com/LigeronAhill/runners/controllers/runnersController.go:39.24,42.3 2 0
github.com/LigeronAhill/runners/controllers/runnersController.go:43.2,43.35 1 0
github.com/LigeronAhill/runners/controllers/runnersController.go:46.60,48.16 2 0
github.com/LigeronAhill/runners/controllers/runnersController.go:48.16,52.3 3 0
github.com/LigeronAhill/runners/controllers/runnersController.go:53.2,55.16 3 0
github.com/LigeronAhill/runners/controllers/runnersController.go:55.16,59.3 3 0
github.com/LigeronAhill/runners/controllers/runnersController.go:60.2,61.24 2 0
github.com/LigeronAhill/runners/controllers/runnersController.go:61.24,64.3 2 0
github.com/LigeronAhill/runners/controllers/runnersController.go:65.2,65.34 1 0
github.com/LigeronAhill/runners/controllers/runnersController.go:68.60,71.24 3 0
github.com/LigeronAhill/runners/controllers/runnersController.go:71.24,74.3 2 0
github.com/LigeronAhill/runners/controllers/runnersController.go:75.2,75.34 1 0
github.com/LigeronAhill/runners/controllers/runnersController.go:78.57,81.24 3 0
github.com/LigeronAhill/runners/controllers/runnersController.go:81.24,84.3 2 0
github.com/LigeronAhill/runners/controllers/runnersController.go:85.2,85.35 1 0
github.com/LigeronAhill/runners/controllers/runnersController.go:88.63,93.24 5 0
github.com/LigeronAhill/runners/controllers/runnersController.go:93.24,96.3 2 0
github.com/LigeronAhill/runners/controllers/runnersController.go:97.2,97.35 1 0
github.com/LigeronAhill/runners/repositories/resultsRepository.go:15.65,19.2 1 0
github.com/LigeronAhill/runners/repositories/resultsRepository.go:21.105,27.16 3 0
github.com/LigeronAhill/runners/repositories/resultsRepository.go:27.16,32.3 1 0
github.com/LigeronAhill/runners/repositories/resultsRepository.go:33.2,35.18 3 0
github.com/LigeronAhill/runners/repositories/resultsRepository.go:35.18,37.17 2 0
github.com/LigeronAhill/runners/repositories/resultsRepository.go:37.17,42.4 1 0
github.com/LigeronAhill/runners/repositories/resultsRepository.go:44.2,44.23 1 0
github.com/LigeronAhill/runners/repositories/resultsRepository.go:44.23,49.3 1 0
github.com/LigeronAhill/runners/repositories/resultsRepository.go:50.2,57.8 1 0
github.com/LigeronAhill/runners/repositories/resultsRepository.go:60.99,66.16 3 0
github.com/LigeronAhill/runners/repositories/resultsRepository.go:66.16,71.3 1 0
github.com/LigeronAhill/runners/repositories/resultsRepository.go:72.2,75.18 4 0
github.com/LigeronAhill/runners/repositories/resultsRepository.go:75.18,77.17 2 0
github.com/LigeronAhill/runners/repositories/resultsRepository.go:77.17,82.4 1 0
github.com/LigeronAhill/runners/repositories/resultsRepository.go:84.2,84.23 1 0
github.com/LigeronAhill/runners/repositories/resultsRepository.go:84.23,89.3 1 0
github.com/LigeronAhill/runners/repositories/resultsRepository.go:90.2,95.8 1 0
github.com/LigeronAhill/runners/repositories/resultsRepository.go:101.3,107.16 3 0
github.com/LigeronAhill/runners/repositories/resultsRepository.go:107.16,112.3 1 0
github.com/LigeronAhill/runners/repositories/resultsRepository.go:113.2,117.18 5 0
github.com/LigeronAhill/runners/repositories/resultsRepository.go:117.18,120.17 2 0
github.com/LigeronAhill/runners/repositories/resultsRepository.go:120.17,125.4 1 0
github.com/LigeronAhill/runners/repositories/resultsRepository.go:126.3,134.36 2 0
github.com/LigeronAhill/runners/repositories/resultsRepository.go:136.2,136.23 1 0
github.com/LigeronAhill/runners/repositories/resultsRepository.go:136.23,141.3 1 0
github.com/LigeronAhill/runners/repositories/resultsRepository.go:142.2,142.21 1 0
github.com/LigeronAhill/runners/repositories/resultsRepository.go:147.35,153.16 3 0
github.com/LigeronAhill/runners/repositories/resultsRepository.go:153.16,158.3 1 0
github.com/LigeronAhill/runners/repositories/resultsRepository.go:159.2,161.18 3 0
github.com/LigeronAhill/runners/repositories/resultsRepository.go:161.18,163.17 2 0
github.com/LigeronAhill/runners/repositories/resultsRepository.go:163.17,168.4 1 0
github.com/LigeronAhill/runners/repositories/resultsRepository.go:170.2,170.23 1 0
github.com/LigeronAhill/runners/repositories/resultsRepository.go:170.23,175.3 1 0
github.com/LigeronAhill/runners/repositories/resultsRepository.go:176.2,176.24 1 0
github.com/LigeronAhill/runners/repositories/resultsRepository.go:182.3,188.16 3 0
github.com/LigeronAhill/runners/repositories/resultsRepository.go:188.16,193.3 1 0
github.com/LigeronAhill/runners/repositories/resultsRepository.go:194.2,196.18 3 0
github.com/LigeronAhill/runners/repositories/resultsRepository.go:196.18,198.17 2 0
github.com/LigeronAhill/runners/repositories/resultsRepository.go:198.17,203.4 1 0
github.com/LigeronAhill/runners/repositories/resultsRepository.go:205.2,205.23 1 0
github.com/LigeronAhill/runners/repositories/resultsRepository.go:205.23,210.3 1 0
github.com/LigeronAhill/runners/repositories/resultsRepository.go:211.2,211.24 1 0
github.com/LigeronAhill/runners/repositories/runnersRepository.go:15.65,17.2 1 0
github.com/LigeronAhill/runners/repositories/runnersRepository.go:19.105,26.16 3 0
github.com/LigeronAhill/runners/repositories/runnersRepository.go:26.16,31.3 1 0
github.com/LigeronAhill/runners/repositories/runnersRepository.go:32.2,34.18 3 0
github.com/LigeronAhill/runners/repositories/runnersRepository.go:34.18,36.17 2 0
github.com/LigeronAhill/runners/repositories/runnersRepository.go:36.17,41.4 1 0
github.com/LigeronAhill/runners/repositories/runnersRepository.go:43.2,43.23 1 0
github.com/LigeronAhill/runners/repositories/runnersRepository.go:43.23,48.3 1 0
github.com/LigeronAhill/runners/repositories/runnersRepository.go:49.2,56.8 1 0
github.com/LigeronAhill/runners/repositories/runnersRepository.go:59.87,70.16 3 0
github.com/LigeronAhill/runners/repositories/runnersRepository.go:70.16,75.3 1 0
github.com/LigeronAhill/runners/repositories/runnersRepository.go:76.2,77.16 2 0
github.com/LigeronAhill/runners/repositories/runnersRepository.go:77.16,82.3 1 0
github.com/LigeronAhill/runners/repositories/runnersRepository.go:83.2,83.23 1 0
github.com/LigeronAhill/runners/repositories/runnersRepository.go:83.23,88.3 1 0
github.com/LigeronAhill/runners/repositories/runnersRepository.go:89.2,89.12 1 0
github.com/LigeronAhill/runners/repositories/runnersRepository.go:92.94,101.16 3 0
github.com/LigeronAhill/runners/repositories/runnersRepository.go:101.16,106.3 1 0
github.com/LigeronAhill/runners/repositories/runnersRepository.go:107.2,107.12 1 0
github.com/LigeronAhill/runners/repositories/runnersRepository.go:110.81,117.16 3 0
github.com/LigeronAhill/runners/repositories/runnersRepository.go:117.16,122.3 1 0
github.com/LigeronAhill/runners/repositories/runnersRepository.go:123.2,124.16 2 0
github.com/LigeronAhill/runners/repositories/runnersRepository.go:124.16,129.3 1 0
github.com/LigeronAhill/runners/repositories/runnersRepository.go:130.2,130.23 1 0
github.com/LigeronAhill/runners/repositories/runnersRepository.go:130.23,135.3 1 0
github.com/LigeronAhill/runners/repositories/runnersRepository.go:136.2,136.12 1 0
github.com/LigeronAhill/runners/repositories/runnersRepository.go:139.96,146.16 3 0
github.com/LigeronAhill/runners/repositories/runnersRepository.go:146.16,151.3 1 0
github.com/LigeronAhill/runners/repositories/runnersRepository.go:152.2,159.18 3 0
github.com/LigeronAhill/runners/repositories/runnersRepository.go:159.18,161.17 2 0
github.com/LigeronAhill/runners/repositories/runnersRepository.go:161.17,166.4 1 0
github.com/LigeronAhill/runners/repositories/runnersRepository.go:168.2,168.23 1 0
github.com/LigeronAhill/runners/repositories/runnersRepository.go:168.23,173.3 1 0
github.com/LigeronAhill/runners/repositories/runnersRepository.go:174.2,183.8 1 0
github.com/LigeronAhill/runners/repositories/runnersRepository.go:186.87,192.16 3 0
github.com/LigeronAhill/runners/repositories/runnersRepository.go:192.16,197.3 1 0
github.com/LigeronAhill/runners/repositories/runnersRepository.go:198.2,206.18 4 0
github.com/LigeronAhill/runners/repositories/runnersRepository.go:206.18,208.17 2 0
github.com/LigeronAhill/runners/repositories/runnersRepository.go:208.17,213.4 1 0
github.com/LigeronAhill/runners/repositories/runnersRepository.go:214.3,224.36 2 0
github.com/LigeronAhill/runners/repositories/runnersRepository.go:226.2,226.23 1 0
github.com/LigeronAhill/runners/repositories/runnersRepository.go:226.23,231.3 1 0
github.com/LigeronAhill/runners/repositories/runnersRepository.go:232.2,232.21 1 0
github.com/LigeronAhill/runners/repositories/runnersRepository.go:235.107,244.16 3 0
github.com/LigeronAhill/runners/repositories/runnersRepository.go:244.16,249.3 1 0
github.com/LigeronAhill/runners/repositories/runnersRepository.go:250.2,257.18 4 0
github.com/LigeronAhill/runners/repositories/runnersRepository.go:257.18,259.17 2 0
github.com/LigeronAhill/runners/repositories/runnersRepository.go:259.17,264.4 1 0
github.com/LigeronAhill/runners/repositories/runnersRepository.go:265.3,275.36 2 0
github.com/LigeronAhill/runners/repositories/runnersRepository.go:277.2,277.23 1 0
github.com/LigeronAhill/runners/repositories/runnersRepository.go:277.23,282.3 1 0
github.com/LigeronAhill/runners/repositories/runnersRepository.go:283.2,283.21 1 0
github.com/LigeronAhill/runners/repositories/runnersRepository.go:286.98,302.16 3 0
github.com/LigeronAhill/runners/repositories/runnersRepository.go:302.16,307.3 1 0
github.com/LigeronAhill/runners/repositories/runnersRepository.go:308.2,316.18 4 0
github.com/LigeronAhill/runners/repositories/runnersRepository.go:316.18,318.17 2 0
github.com/LigeronAhill/runners/repositories/runnersRepository.go:318.17,323.4 1 0
github.com/LigeronAhill/runners/repositories/runnersRepository.go:324.3,334.36 2 0
github.com/LigeronAhill/runners/repositories/runnersRepository.go:336.2,336.23 1 0
github.com/LigeronAhill/runners/repositories/runnersRepository.go:336.23,341.3 1 0
github.com/LigeronAhill/runners/repositories/runnersRepository.go:342.2,342.21 1 0
github.com/LigeronAhill/runners/repositories/transactionHandler.go:8.105,11.16 3 0
github.com/LigeronAhill/runners/repositories/transactionHandler.go:11.16,13.3 1 0
github.com/LigeronAhill/runners/repositories/transactionHandler.go:14.2,16.12 3 0
github.com/LigeronAhill/runners/repositories/transactionHandler.go:19.108,24.2 4 0
github.com/LigeronAhill/runners/repositories/transactionHandler.go:26.106,31.2 4 0
github.com/LigeronAhill/runners/server/dbServer.go:10.48,16.28 6 0
github.com/LigeronAhill/runners/server/dbServer.go:16.28,18.3 1 0
github.com/LigeronAhill/runners/server/dbServer.go:19.2,20.16 2 0
github.com/LigeronAhill/runners/server/dbServer.go:20.16,22.3 1 0
github.com/LigeronAhill/runners/server/dbServer.go:23.2,27.16 5 0
github.com/LigeronAhill/runners/server/dbServer.go:27.16,30.3 2 0
github.com/LigeronAhill/runners/server/dbServer.go:31.2,31.18 1 0
github.com/LigeronAhill/runners/server/httpServer.go:21.72,42.2 15 0
github.com/LigeronAhill/runners/server/httpServer.go:44.30,46.16 2 0
github.com/LigeronAhill/runners/server/httpServer.go:46.16,48.3 1 0
github.com/LigeronAhill/runners/services/resultsService.go:16.142,21.2 1 0
github.com/LigeronAhill/runners/services/resultsService.go:23.102,24.27 1 0
github.com/LigeronAhill/runners/services/resultsService.go:24.27,29.3 1 0
github.com/LigeronAhill/runners/services/resultsService.go:30.2,30.29 1 0
github.com/LigeronAhill/runners/services/resultsService.go:30.29,35.3 1 0
github.com/LigeronAhill/runners/services/resultsService.go:36.2,36.27 1 0
github.com/LigeronAhill/runners/services/resultsService.go:36.27,41.3 1 0
github.com/LigeronAhill/runners/services/resultsService.go:42.2,42.25 1 0
github.com/LigeronAhill/runners/services/resultsService.go:42.25,47.3 1 0
github.com/LigeronAhill/runners/services/resultsService.go:48.2,49.50 2 0
github.com/LigeronAhill/runners/services/resultsService.go:49.50,54.3 1 0
github.com/LigeronAhill/runners/services/resultsService.go:55.2,56.16 2 0
github.com/LigeronAhill/runners/services/resultsService.go:56.16,61.3 1 0
github.com/LigeronAhill/runners/services/resultsService.go:62.2,63.24 2 0
github.com/LigeronAhill/runners/services/resultsService.go:63.24,65.3 1 0
github.com/LigeronAhill/runners/services/resultsService.go:66.2,67.24 2 0
github.com/LigeronAhill/runners/services/resultsService.go:67.24,69.3 1 0
github.com/LigeronAhill/runners/services/resultsService.go:70.2,70.19 1 0
github.com/LigeronAhill/runners/services/resultsService.go:70.19,75.3 1 0
github.com/LigeronAhill/runners/services/resultsService.go:76.2,76.31 1 0
github.com/LigeronAhill/runners/services/resultsService.go:76.31,78.3 1 0
github.com/LigeronAhill/runners/services/resultsService.go:78.8,80.17 2 0
github.com/LigeronAhill/runners/services/resultsService.go:80.17,85.4 1 0
github.com/LigeronAhill/runners/services/resultsService.go:86.3,86.32 1 0
github.com/LigeronAhill/runners/services/resultsService.go:86.32,88.4 1 0
github.com/LigeronAhill/runners/services/resultsService.go:90.2,90.32 1 0
github.com/LigeronAhill/runners/services/resultsService.go:90.32,91.30 1 0
github.com/LigeronAhill/runners/services/resultsService.go:91.30,93.4 1 0
github.com/LigeronAhill/runners/services/resultsService.go:93.9,95.18 2 0
github.com/LigeronAhill/runners/services/resultsService.go:95.18,100.5 1 0
github.com/LigeronAhill/runners/services/resultsService.go:101.4,101.31 1 0
github.com/LigeronAhill/runners/services/resultsService.go:101.31,103.5 1 0
github.com/LigeronAhill/runners/services/resultsService.go:106.2,107.24 2 0
github.com/LigeronAhill/runners/services/resultsService.go:107.24,109.3 1 0
github.com/LigeronAhill/runners/services/resultsService.go:110.2,110.22 1 0
github.com/LigeronAhill/runners/services/resultsService.go:113.78,114.20 1 0
github.com/LigeronAhill/runners/services/resultsService.go:114.20,119.3 1 0
github.com/LigeronAhill/runners/services/resultsService.go:120.2,121.16 2 0
github.com/LigeronAhill/runners/services/resultsService.go:121.16,126.3 1 0
github.com/LigeronAhill/runners/services/resultsService.go:127.2,128.24 2 0
github.com/LigeronAhill/runners/services/resultsService.go:128.24,130.3 1 0
github.com/LigeronAhill/runners/services/resultsService.go:131.2,132.24 2 0
github.com/LigeronAhill/runners/services/resultsService.go:132.24,135.3 2 0
github.com/LigeronAhill/runners/services/resultsService.go:136.2,136.46 1 0
github.com/LigeronAhill/runners/services/resultsService.go:136.46,138.25 2 0
github.com/LigeronAhill/runners/services/resultsService.go:138.25,141.4 2 0
github.com/LigeronAhill/runners/services/resultsService.go:142.3,142.37 1 0
github.com/LigeronAhill/runners/services/resultsService.go:144.2,145.74 2 0
github.com/LigeronAhill/runners/services/resultsService.go:145.74,147.25 2 0
github.com/LigeronAhill/runners/services/resultsService.go:147.25,150.4 2 0
github.com/LigeronAhill/runners/services/resultsService.go:151.3,151.33 1 0
github.com/LigeronAhill/runners/services/resultsService.go:153.2,154.24 2 0
github.com/LigeronAhill/runners/services/resultsService.go:154.24,157.3 2 0
github.com/LigeronAhill/runners/services/resultsService.go:158.2,159.12 2 0
github.com/LigeronAhill/runners/services/resultsService.go:162.64,164.2 1 0
github.com/LigeronAhill/runners/services/runnersService.go:17.142,19.2 1 0
github.com/LigeronAhill/runners/services/runnersService.go:21.102,23.24 2 0
github.com/LigeronAhill/runners/services/runnersService.go:23.24,25.3 1 0
github.com/LigeronAhill/runners/services/runnersService.go:26.2,26.50 1 0
github.com/LigeronAhill/runners/services/runnersService.go:29.84,31.24 2 0
github.com/LigeronAhill/runners/services/runnersService.go:31.24,33.3 1 0
github.com/LigeronAhill/runners/services/runnersService.go:34.2,35.24 2 0
github.com/LigeronAhill/runners/services/runnersService.go:35.24,37.3 1 0
github.com/LigeronAhill/runners/services/runnersService.go:38.2,38.50 1 0
github.com/LigeronAhill/runners/services/runnersService.go:41.78,43.24 2 0
github.com/LigeronAhill/runners/services/runnersService.go:43.24,45.3 1 0
github.com/LigeronAhill/runners/services/runnersService.go:46.2,46.52 1 0
github.com/LigeronAhill/runners/services/runnersService.go:49.93,51.24 2 0
github.com/LigeronAhill/runners/services/runnersService.go:51.24,53.3 1 0
github.com/LigeronAhill/runners/services/runnersService.go:54.2,55.24 2 0
github.com/LigeronAhill/runners/services/runnersService.go:55.24,57.3 1 0
github.com/LigeronAhill/runners/services/runnersService.go:58.2,59.24 2 0
github.com/LigeronAhill/runners/services/runnersService.go:59.24,61.3 1 0
github.com/LigeronAhill/runners/services/runnersService.go:62.2,63.20 2 0
github.com/LigeronAhill/runners/services/runnersService.go:66.113,67.33 1 0
github.com/LigeronAhill/runners/services/runnersService.go:67.33,72.3 1 0
github.com/LigeronAhill/runners/services/runnersService.go:73.2,73.19 1 0
github.com/LigeronAhill/runners/services/runnersService.go:73.19,75.3 1 0
github.com/LigeronAhill/runners/services/runnersService.go:76.2,76.16 1 0
github.com/LigeronAhill/runners/services/runnersService.go:76.16,78.17 2 0
github.com/LigeronAhill/runners/services/runnersService.go:78.17,83.4 1 0
github.com/LigeronAhill/runners/services/runnersService.go:84.3,85.43 2 0
github.com/LigeronAhill/runners/services/runnersService.go:85.43,90.4 1 0
github.com/LigeronAhill/runners/services/runnersService.go:91.3,91.56 1 0
github.com/LigeronAhill/runners/services/runnersService.go:93.2,93.45 1 0
github.com/LigeronAhill/runners/services/runnersService.go:96.66,97.28 1 1
github.com/LigeronAhill/runners/services/runnersService.go:97.28,102.3 1 1
github.com/LigeronAhill/runners/services/runnersService.go:103.2,103.27 1 1
github.com/LigeronAhill/runners/services/runnersService.go:103.27,108.3 1 1
github.com/LigeronAhill/runners/services/runnersService.go:109.2,109.42 1 1
github.com/LigeronAhill/runners/services/runnersService.go:109.42,114.3 1 1
github.com/LigeronAhill/runners/services/runnersService.go:115.2,115.26 1 1
github.com/LigeronAhill/runners/services/runnersService.go:115.26,120.3 1 1
github.com/LigeronAhill/runners/services/runnersService.go:121.2,121.12 1 1
github.com/LigeronAhill/runners/services/runnersService.go:124.62,125.20 1 0
github.com/LigeronAhill/runners/services/runnersService.go:125.20,130.3 1 0
github.com/LigeronAhill/runners/services/runnersService.go:131.2,131.12 1 0
github.com/LigeronAhill/runners/main.go:11.13,20.2 8 0
github.com/LigeronAhill/runners/config/config.go:9.47,15.16 6 0
github.com/LigeronAhill/runners/config/config.go:15.16,17.3 1 0
github.com/LigeronAhill/runners/config/config.go:18.2,18.15 1 0
github.com/LigeronAhill/runners/controllers/resultsController.go:18.87,20.2 1 0
github.com/LigeronAhill/runners/controllers/resultsController.go:22.60,24.16 2 0
github.com/LigeronAhill/runners/controllers/resultsController.go:24.16,28.3 3 0
github.com/LigeronAhill/runners/controllers/resultsController.go:29.2,31.16 3 0
github.com/LigeronAhill/runners/controllers/resultsController.go:31.16,35.3 3 0
github.com/LigeronAhill/runners/controllers/resultsController.go:36.2,37.24 2 0
github.com/LigeronAhill/runners/controllers/resultsController.go:37.24,40.3 2 0
github.com/LigeronAhill/runners/controllers/resultsController.go:41.2,41.35 1 0
github.com/LigeronAhill/runners/controllers/resultsController.go:44.60,47.24 3 0
github.com/LigeronAhill/runners/controllers/resultsController.go:47.24,50.3 2 0
github.com/LigeronAhill/runners/controllers/resultsController.go:51.2,51.34 1 0
github.com/LigeronAhill/runners/controllers/runnersController.go:18.87,22.2 1 1
github.com/LigeronAhill/runners/controllers/runnersController.go:24.60,26.16 2 0
github.com/LigeronAhill/runners/controllers/runnersController.go:26.16,30.3 3 0
github.com/LigeronAhill/runners/controllers/runnersController.go:31.2,33.16 3 0
github.com/LigeronAhill/runners/controllers/runnersController.go:33.16,37.3 3 0
github.com/LigeronAhill/runners/controllers/runnersController.go:38.2,39.24 2 0
github.com/LigeronAhill/runners/controllers/runnersController.go:39.24,42.3 2 0
github.com/LigeronAhill/runners/controllers/runnersController.go:43.2,43.35 1 0
github.com/LigeronAhill/runners/controllers/runnersController.go:46.60,48.16 2 0
github.com/LigeronAhill/runners/controllers/runnersController.go:48.16,52.3 3 0
github.com/LigeronAhill/runners/controllers/runnersController.go:53.2,55.16 3 0
github.com/LigeronAhill/runners/controllers/runnersController.go:55.16,59.3 3 0
github.com/LigeronAhill/runners/controllers/runnersController.go:60.2,61.24 2 0
github.com/LigeronAhill/runners/controllers/runnersController.go:61.24,64.3 2 0
github.com/LigeronAhill/runners/controllers/runnersController.go:65.2,65.34 1 0
github.com/LigeronAhill/runners/controllers/runnersController.go:68.60,71.24 3 0
github.com/LigeronAhill/runners/controllers/runnersController.go:71.24,74.3 2 0
github.com/LigeronAhill/runners/controllers/runnersController.go:75.2,75.34 1 0
github.com/LigeronAhill/runners/controllers/runnersController.go:78.57,81.24 3 0
github.com/LigeronAhill/runners/controllers/runnersController.go:81.24,84.3 2 0
github.com/LigeronAhill/runners/controllers/runnersController.go:85.2,85.35 1 0
github.com/LigeronAhill/runners/controllers/runnersController.go:88.63,93.24 5 1
github.com/LigeronAhill/runners/controllers/runnersController.go:93.24,96.3 2 0
github.com/LigeronAhill/runners/controllers/runnersController.go:97.2,97.35 1 1
github.com/LigeronAhill/runners/repositories/resultsRepository.go:15.65,19.2 1 0
github.com/LigeronAhill/runners/repositories/resultsRepository.go:21.105,27.16 3 0
github.com/LigeronAhill/runners/repositories/resultsRepository.go:27.16,32.3 1 0
github.com/LigeronAhill/runners/repositories/resultsRepository.go:33.2,35.18 3 0
github.com/LigeronAhill/runners/repositories/resultsRepository.go:35.18,37.17 2 0
github.com/LigeronAhill/runners/repositories/resultsRepository.go:37.17,42.4 1 0
github.com/LigeronAhill/runners/repositories/resultsRepository.go:44.2,44.23 1 0
github.com/LigeronAhill/runners/repositories/resultsRepository.go:44.23,49.3 1 0
github.com/LigeronAhill/runners/repositories/resultsRepository.go:50.2,57.8 1 0
github.com/LigeronAhill/runners/repositories/resultsRepository.go:60.99,66.16 3 0
github.com/LigeronAhill/runners/repositories/resultsRepository.go:66.16,71.3 1 0
github.com/LigeronAhill/runners/repositories/resultsRepository.go:72.2,75.18 4 0
github.com/LigeronAhill/runners/repositories/resultsRepository.go:75.18,77.17 2 0
github.com/LigeronAhill/runners/repositories/resultsRepository.go:77.17,82.4 1 0
github.com/LigeronAhill/runners/repositories/resultsRepository.go:84.2,84.23 1 0
github.com/LigeronAhill/runners/repositories/resultsRepository.go:84.23,89.3 1 0
github.com/LigeronAhill/runners/repositories/resultsRepository.go:90.2,95.8 1 0
github.com/LigeronAhill/runners/repositories/resultsRepository.go:101.3,107.16 3 0
github.com/LigeronAhill/runners/repositories/resultsRepository.go:107.16,112.3 1 0
github.com/LigeronAhill/runners/repositories/resultsRepository.go:113.2,117.18 5 0
github.com/LigeronAhill/runners/repositories/resultsRepository.go:117.18,120.17 2 0
github.com/LigeronAhill/runners/repositories/resultsRepository.go:120.17,125.4 1 0
github.com/LigeronAhill/runners/repositories/resultsRepository.go:126.3,134.36 2 0
github.com/LigeronAhill/runners/repositories/resultsRepository.go:136.2,136.23 1 0
github.com/LigeronAhill/runners/repositories/resultsRepository.go:136.23,141.3 1 0
github.com/LigeronAhill/runners/repositories/resultsRepository.go:142.2,142.21 1 0
github.com/LigeronAhill/runners/repositories/resultsRepository.go:147.35,153.16 3 0
github.com/LigeronAhill/runners/repositories/resultsRepository.go:153.16,158.3 1 0
github.com/LigeronAhill/runners/repositories/resultsRepository.go:159.2,161.18 3 0
github.com/LigeronAhill/runners/repositories/resultsRepository.go:161.18,163.17 2 0
github.com/LigeronAhill/runners/repositories/resultsRepository.go:163.17,168.4 1 0
github.com/LigeronAhill/runners/repositories/resultsRepository.go:170.2,170.23 1 0
github.com/LigeronAhill/runners/repositories/resultsRepository.go:170.23,175.3 1 0
github.com/LigeronAhill/runners/repositories/resultsRepository.go:176.2,176.24 1 0
github.com/LigeronAhill/runners/repositories/resultsRepository.go:182.3,188.16 3 0
github.com/LigeronAhill/runners/repositories/resultsRepository.go:188.16,193.3 1 0
github.com/LigeronAhill/runners/repositories/resultsRepository.go:194.2,196.18 3 0
github.com/LigeronAhill/runners/repositories/resultsRepository.go:196.18,198.17 2 0
github.com/LigeronAhill/runners/repositories/resultsRepository.go:198.17,203.4 1 0
github.com/LigeronAhill/runners/repositories/resultsRepository.go:205.2,205.23 1 0
github.com/LigeronAhill/runners/repositories/resultsRepository.go:205.23,210.3 1 0
github.com/LigeronAhill/runners/repositories/resultsRepository.go:211.2,211.24 1 0
github.com/LigeronAhill/runners/repositories/runnersRepository.go:15.65,17.2 1 1
github.com/LigeronAhill/runners/repositories/runnersRepository.go:19.105,26.16 3 0
github.com/LigeronAhill/runners/repositories/runnersRepository.go:26.16,31.3 1 0
github.com/LigeronAhill/runners/repositories/runnersRepository.go:32.2,34.18 3 0
github.com/LigeronAhill/runners/repositories/runnersRepository.go:34.18,36.17 2 0
github.com/LigeronAhill/runners/repositories/runnersRepository.go:36.17,41.4 1 0
github.com/LigeronAhill/runners/repositories/runnersRepository.go:43.2,43.23 1 0
github.com/LigeronAhill/runners/repositories/runnersRepository.go:43.23,48.3 1 0
github.com/LigeronAhill/runners/repositories/runnersRepository.go:49.2,56.8 1 0
github.com/LigeronAhill/runners/repositories/runnersRepository.go:59.87,70.16 3 0
github.com/LigeronAhill/runners/repositories/runnersRepository.go:70.16,75.3 1 0
github.com/LigeronAhill/runners/repositories/runnersRepository.go:76.2,77.16 2 0
github.com/LigeronAhill/runners/repositories/runnersRepository.go:77.16,82.3 1 0
github.com/LigeronAhill/runners/repositories/runnersRepository.go:83.2,83.23 1 0
github.com/LigeronAhill/runners/repositories/runnersRepository.go:83.23,88.3 1 0
github.com/LigeronAhill/runners/repositories/runnersRepository.go:89.2,89.12 1 0
github.com/LigeronAhill/runners/repositories/runnersRepository.go:92.94,101.16 3 0
github.com/LigeronAhill/runners/repositories/runnersRepository.go:101.16,106.3 1 0
github.com/LigeronAhill/runners/repositories/runnersRepository.go:107.2,107.12 1 0
github.com/LigeronAhill/runners/repositories/runnersRepository.go:110.81,117.16 3 0
github.com/LigeronAhill/runners/repositories/runnersRepository.go:117.16,122.3 1 0
github.com/LigeronAhill/runners/repositories/runnersRepository.go:123.2,124.16 2 0
github.com/LigeronAhill/runners/repositories/runnersRepository.go:124.16,129.3 1 0
github.com/LigeronAhill/runners/repositories/runnersRepository.go:130.2,130.23 1 0
github.com/LigeronAhill/runners/repositories/runnersRepository.go:130.23,135.3 1 0
github.com/LigeronAhill/runners/repositories/runnersRepository.go:136.2,136.12 1 0
github.com/LigeronAhill/runners/repositories/runnersRepository.go:139.96,146.16 3 0
github.com/LigeronAhill/runners/repositories/runnersRepository.go:146.16,151.3 1 0
github.com/LigeronAhill/runners/repositories/runnersRepository.go:152.2,159.18 3 0
github.com/LigeronAhill/runners/repositories/runnersRepository.go:159.18,161.17 2 0
github.com/LigeronAhill/runners/repositories/runnersRepository.go:161.17,166.4 1 0
github.com/LigeronAhill/runners/repositories/runnersRepository.go:168.2,168.23 1 0
github.com/LigeronAhill/runners/repositories/runnersRepository.go:168.23,173.3 1 0
github.com/LigeronAhill/runners/repositories/runnersRepository.go:174.2,183.8 1 0
github.com/LigeronAhill/runners/repositories/runnersRepository.go:186.87,192.16 3 1
github.com/LigeronAhill/runners/repositories/runnersRepository.go:192.16,197.3 1 0
github.com/LigeronAhill/runners/repositories/runnersRepository.go:198.2,206.18 4 1
github.com/LigeronAhill/runners/repositories/runnersRepository.go:206.18,208.17 2 1
github.com/LigeronAhill/runners/repositories/runnersRepository.go:208.17,213.4 1 0
github.com/LigeronAhill/runners/repositories/runnersRepository.go:214.3,224.36 2 1
github.com/LigeronAhill/runners/repositories/runnersRepository.go:226.2,226.23 1 1
github.com/LigeronAhill/runners/repositories/runnersRepository.go:226.23,231.3 1 0
github.com/LigeronAhill/runners/repositories/runnersRepository.go:232.2,232.21 1 1
github.com/LigeronAhill/runners/repositories/runnersRepository.go:235.107,244.16 3 0
github.com/LigeronAhill/runners/repositories/runnersRepository.go:244.16,249.3 1 0
github.com/LigeronAhill/runners/repositories/runnersRepository.go:250.2,257.18 4 0
github.com/LigeronAhill/runners/repositories/runnersRepository.go:257.18,259.17 2 0
github.com/LigeronAhill/runners/repositories/runnersRepository.go:259.17,264.4 1 0
github.com/LigeronAhill/runners/repositories/runnersRepository.go:265.3,275.36 2 0
github.com/LigeronAhill/runners/repositories/runnersRepository.go:277.2,277.23 1 0
github.com/LigeronAhill/runners/repositories/runnersRepository.go:277.23,282.3 1 0
github.com/LigeronAhill/runners/repositories/runnersRepository.go:283.2,283.21 1 0
github.com/LigeronAhill/runners/repositories/runnersRepository.go:286.98,302.16 3 0
github.com/LigeronAhill/runners/repositories/runnersRepository.go:302.16,307.3 1 0
github.com/LigeronAhill/runners/repositories/runnersRepository.go:308.2,316.18 4 0
github.com/LigeronAhill/runners/repositories/runnersRepository.go:316.18,318.17 2 0
github.com/LigeronAhill/runners/repositories/runnersRepository.go:318.17,323.4 1 0
github.com/LigeronAhill/runners/repositories/runnersRepository.go:324.3,334.36 2 0
github.com/LigeronAhill/runners/repositories/runnersRepository.go:336.2,336.23 1 0
github.com/LigeronAhill/runners/repositories/runnersRepository.go:336.23,341.3 1 0
github.com/LigeronAhill/runners/repositories/runnersRepository.go:342.2,342.21 1 0
github.com/LigeronAhill/runners/repositories/transactionHandler.go:8.105,11.16 3 0
github.com/LigeronAhill/runners/repositories/transactionHandler.go:11.16,13.3 1 0
github.com/LigeronAhill/runners/repositories/transactionHandler.go:14.2,16.12 3 0
github.com/LigeronAhill/runners/repositories/transactionHandler.go:19.108,24.2 4 0
github.com/LigeronAhill/runners/repositories/transactionHandler.go:26.106,31.2 4 0
github.com/LigeronAhill/runners/server/dbServer.go:10.48,16.28 6 0
github.com/LigeronAhill/runners/server/dbServer.go:16.28,18.3 1 0
github.com/LigeronAhill/runners/server/dbServer.go:19.2,20.16 2 0
github.com/LigeronAhill/runners/server/dbServer.go:20.16,22.3 1 0
github.com/LigeronAhill/runners/server/dbServer.go:23.2,27.16 5 0
github.com/LigeronAhill/runners/server/dbServer.go:27.16,30.3 2 0
github.com/LigeronAhill/runners/server/dbServer.go:31.2,31.18 1 0
github.com/LigeronAhill/runners/server/httpServer.go:21.72,42.2 15 0
github.com/LigeronAhill/runners/server/httpServer.go:44.30,46.16 2 0
github.com/LigeronAhill/runners/server/httpServer.go:46.16,48.3 1 0
github.com/LigeronAhill/runners/services/resultsService.go:16.142,21.2 1 0
github.com/LigeronAhill/runners/services/resultsService.go:23.102,24.27 1 0
github.com/LigeronAhill/runners/services/resultsService.go:24.27,29.3 1 0
github.com/LigeronAhill/runners/services/resultsService.go:30.2,30.29 1 0
github.com/LigeronAhill/runners/services/resultsService.go:30.29,35.3 1 0
github.com/LigeronAhill/runners/services/resultsService.go:36.2,36.27 1 0
github.com/LigeronAhill/runners/services/resultsService.go:36.27,41.3 1 0
github.com/LigeronAhill/runners/services/resultsService.go:42.2,42.25 1 0
github.com/LigeronAhill/runners/services/resultsService.go:42.25,47.3 1 0
github.com/LigeronAhill/runners/services/resultsService.go:48.2,49.50 2 0
github.com/LigeronAhill/runners/services/resultsService.go:49.50,54.3 1 0
github.com/LigeronAhill/runners/services/resultsService.go:55.2,56.16 2 0
github.com/LigeronAhill/runners/services/resultsService.go:56.16,61.3 1 0
github.com/LigeronAhill/runners/services/resultsService.go:62.2,63.24 2 0
github.com/LigeronAhill/runners/services/resultsService.go:63.24,65.3 1 0
github.com/LigeronAhill/runners/services/resultsService.go:66.2,67.24 2 0
github.com/LigeronAhill/runners/services/resultsService.go:67.24,69.3 1 0
github.com/LigeronAhill/runners/services/resultsService.go:70.2,70.19 1 0
github.com/LigeronAhill/runners/services/resultsService.go:70.19,75.3 1 0
github.com/LigeronAhill/runners/services/resultsService.go:76.2,76.31 1 0
github.com/LigeronAhill/runners/services/resultsService.go:76.31,78.3 1 0
github.com/LigeronAhill/runners/services/resultsService.go:78.8,80.17 2 0
github.com/LigeronAhill/runners/services/resultsService.go:80.17,85.4 1 0
github.com/LigeronAhill/runners/services/resultsService.go:86.3,86.32 1 0
github.com/LigeronAhill/runners/services/resultsService.go:86.32,88.4 1 0
github.com/LigeronAhill/runners/services/resultsService.go:90.2,90.32 1 0
github.com/LigeronAhill/runners/services/resultsService.go:90.32,91.30 1 0
github.com/LigeronAhill/runners/services/resultsService.go:91.30,93.4 1 0
github.com/LigeronAhill/runners/services/resultsService.go:93.9,95.18 2 0
github.com/LigeronAhill/runners/services/resultsService.go:95.18,100.5 1 0
github.com/LigeronAhill/runners/services/resultsService.go:101.4,101.31 1 0
github.com/LigeronAhill/runners/services/resultsService.go:101.31,103.5 1 0
github.com/LigeronAhill/runners/services/resultsService.go:106.2,107.24 2 0
github.com/LigeronAhill/runners/services/resultsService.go:107.24,109.3 1 0
github.com/LigeronAhill/runners/services/resultsService.go:110.2,110.22 1 0
github.com/LigeronAhill/runners/services/resultsService.go:113.78,114.20 1 0
github.com/LigeronAhill/runners/services/resultsService.go:114.20,119.3 1 0
github.com/LigeronAhill/runners/services/resultsService.go:120.2,121.16 2 0
github.com/LigeronAhill/runners/services/resultsService.go:121.16,126.3 1 0
github.com/LigeronAhill/runners/services/resultsService.go:127.2,128.24 2 0
github.com/LigeronAhill/runners/services/resultsService.go:128.24,130.3 1 0
github.com/LigeronAhill/runners/services/resultsService.go:131.2,132.24 2 0
github.com/LigeronAhill/runners/services/resultsService.go:132.24,135.3 2 0
github.com/LigeronAhill/runners/services/resultsService.go:136.2,136.46 1 0
github.com/LigeronAhill/runners/services/resultsService.go:136.46,138.25 2 0
github.com/LigeronAhill/runners/services/resultsService.go:138.25,141.4 2 0
github.com/LigeronAhill/runners/services/resultsService.go:142.3,142.37 1 0
github.com/LigeronAhill/runners/services/resultsService.go:144.2,145.74 2 0
github.com/LigeronAhill/runners/services/resultsService.go:145.74,147.25 2 0
github.com/LigeronAhill/runners/services/resultsService.go:147.25,150.4 2 0
github.com/LigeronAhill/runners/services/resultsService.go:151.3,151.33 1 0
github.com/LigeronAhill/runners/services/resultsService.go:153.2,154.24 2 0
github.com/LigeronAhill/runners/services/resultsService.go:154.24,157.3 2 0
github.com/LigeronAhill/runners/services/resultsService.go:158.2,159.12 2 0
github.com/LigeronAhill/runners/services/resultsService.go:162.64,164.2 1 0
github.com/LigeronAhill/runners/services/runnersService.go:17.142,19.2 1 1
github.com/LigeronAhill/runners/services/runnersService.go:21.102,23.24 2 0
github.com/LigeronAhill/runners/services/runnersService.go:23.24,25.3 1 0
github.com/LigeronAhill/runners/services/runnersService.go:26.2,26.50 1 0
github.com/LigeronAhill/runners/services/runnersService.go:29.84,31.24 2 0
github.com/LigeronAhill/runners/services/runnersService.go:31.24,33.3 1 0
github.com/LigeronAhill/runners/services/runnersService.go:34.2,35.24 2 0
github.com/LigeronAhill/runners/services/runnersService.go:35.24,37.3 1 0
github.com/LigeronAhill/runners/services/runnersService.go:38.2,38.50 1 0
github.com/LigeronAhill/runners/services/runnersService.go:41.78,43.24 2 0
github.com/LigeronAhill/runners/services/runnersService.go:43.24,45.3 1 0
github.com/LigeronAhill/runners/services/runnersService.go:46.2,46.52 1 0
github.com/LigeronAhill/runners/services/runnersService.go:49.93,51.24 2 0
github.com/LigeronAhill/runners/services/runnersService.go:51.24,53.3 1 0
github.com/LigeronAhill/runners/services/runnersService.go:54.2,55.24 2 0
github.com/LigeronAhill/runners/services/runnersService.go:55.24,57.3 1 0
github.com/LigeronAhill/runners/services/runnersService.go:58.2,59.24 2 0
github.com/LigeronAhill/runners/services/runnersService.go:59.24,61.3 1 0
github.com/LigeronAhill/runners/services/runnersService.go:62.2,63.20 2 0
github.com/LigeronAhill/runners/services/runnersService.go:66.113,67.33 1 1
github.com/LigeronAhill/runners/services/runnersService.go:67.33,72.3 1 0
github.com/LigeronAhill/runners/services/runnersService.go:73.2,73.19 1 1
github.com/LigeronAhill/runners/services/runnersService.go:73.19,75.3 1 0
github.com/LigeronAhill/runners/services/runnersService.go:76.2,76.16 1 1
github.com/LigeronAhill/runners/services/runnersService.go:76.16,78.17 2 0
github.com/LigeronAhill/runners/services/runnersService.go:78.17,83.4 1 0
github.com/LigeronAhill/runners/services/runnersService.go:84.3,85.43 2 0
github.com/LigeronAhill/runners/services/runnersService.go:85.43,90.4 1 0
github.com/LigeronAhill/runners/services/runnersService.go:91.3,91.56 1 0
github.com/LigeronAhill/runners/services/runnersService.go:93.2,93.45 1 1
github.com/LigeronAhill/runners/services/runnersService.go:96.66,97.28 1 0
github.com/LigeronAhill/runners/services/runnersService.go:97.28,102.3 1 0
github.com/LigeronAhill/runners/services/runnersService.go:103.2,103.27 1 0
github.com/LigeronAhill/runners/services/runnersService.go:103.27,108.3 1 0
github.com/LigeronAhill/runners/services/runnersService.go:109.2,109.42 1 0
github.com/LigeronAhill/runners/services/runnersService.go:109.42,114.3 1 0
github.com/LigeronAhill/runners/services/runnersService.go:115.2,115.26 1 0
github.com/LigeronAhill/runners/services/runnersService.go:115.26,120.3 1 0
github.com/LigeronAhill/runners/services/runnersService.go:121.2,121.12 1 0
github.com/LigeronAhill/runners/services/runnersService.go:124.62,125.20 1 0
github.com/LigeronAhill/runners/services/runnersService.go:125.20,130.3 1 0
github.com/LigeronAhill/runners/services/runnersService.go:131.2,131.12 1 0
